2023-04-27 22:44:40.910  INFO 18528 --- [main] com.example.demo.DemoApplicationTests    : Starting DemoApplicationTests using Java 1.8.0_192 on iri95 with PID 18528 (started by iri_9 in C:\study\Spring\study\demo)
2023-04-27 22:44:40.911  INFO 18528 --- [main] com.example.demo.DemoApplicationTests    : No active profile set, falling back to 1 default profile: "default"
2023-04-27 22:44:42.273  INFO 18528 --- [main] o.s.b.a.w.s.WelcomePageHandlerMapping    : Adding welcome page: class path resource [static/index.html]
2023-04-27 22:44:42.617  INFO 18528 --- [main] com.example.demo.DemoApplicationTests    : Started DemoApplicationTests in 1.931 seconds (JVM running for 2.725)
2023-04-27 23:05:29.638  INFO 24676 --- [main] com.example.demo.DemoApplicationTests    : Starting DemoApplicationTests using Java 1.8.0_192 on iri95 with PID 24676 (started by iri_9 in C:\study\Spring\study\demo)
2023-04-27 23:05:29.648  INFO 24676 --- [main] com.example.demo.DemoApplicationTests    : No active profile set, falling back to 1 default profile: "default"
2023-04-27 23:05:30.968  INFO 24676 --- [main] o.s.b.a.w.s.WelcomePageHandlerMapping    : Adding welcome page: class path resource [static/index.html]
2023-04-27 23:05:31.266  INFO 24676 --- [main] com.example.demo.DemoApplicationTests    : Started DemoApplicationTests in 1.842 seconds (JVM running for 2.556)
2023-04-27 23:06:15.370  INFO 26868 --- [main] com.example.demo.DemoApplicationTests    : Starting DemoApplicationTests using Java 1.8.0_192 on iri95 with PID 26868 (started by iri_9 in C:\study\Spring\study\demo)
2023-04-27 23:06:15.372  INFO 26868 --- [main] com.example.demo.DemoApplicationTests    : No active profile set, falling back to 1 default profile: "default"
2023-04-27 23:06:16.606  INFO 26868 --- [main] o.s.b.a.w.s.WelcomePageHandlerMapping    : Adding welcome page: class path resource [static/index.html]
2023-04-27 23:06:16.924  INFO 26868 --- [main] com.example.demo.DemoApplicationTests    : Started DemoApplicationTests in 1.763 seconds (JVM running for 2.475)
2023-04-27 23:06:17.111  INFO 26868 --- [main] com.zaxxer.hikari.HikariDataSource       : HikariPool-1 - Starting...
2023-04-27 23:06:17.570  INFO 26868 --- [main] com.zaxxer.hikari.HikariDataSource       : HikariPool-1 - Start completed.
2023-04-27 23:06:17.575 DEBUG 26868 --- [main] com.example.demo.dao.BoardDao.write      : ==>  Preparing: insert into board (user_id, title, content, write_date) values (?, ?, ?, now())
2023-04-27 23:06:17.591 DEBUG 26868 --- [main] com.example.demo.dao.BoardDao.write      : ==> Parameters: 111(String), 안녕(String), 하이(String)
2023-04-27 23:06:17.598 DEBUG 26868 --- [main] com.example.demo.dao.BoardDao.write      : <==    Updates: 1
2023-04-27 23:06:17.603 DEBUG 26868 --- [main] com.example.demo.dao.BoardDao.list       : ==>  Preparing: select * from board
2023-04-27 23:06:17.603 DEBUG 26868 --- [main] com.example.demo.dao.BoardDao.list       : ==> Parameters: 
2023-04-27 23:06:17.618 DEBUG 26868 --- [main] com.example.demo.dao.BoardDao.list       : <==      Total: 1
2023-04-27 23:06:17.626 DEBUG 26868 --- [main] com.example.demo.dao.BoardDao.detail     : ==>  Preparing: select * from board where bno = ?
2023-04-27 23:06:17.626 DEBUG 26868 --- [main] com.example.demo.dao.BoardDao.detail     : ==> Parameters: 1(Integer)
2023-04-27 23:06:17.628 DEBUG 26868 --- [main] com.example.demo.dao.BoardDao.detail     : <==      Total: 0
2023-04-27 23:06:17.642  INFO 26868 --- [SpringApplicationShutdownHook] com.zaxxer.hikari.HikariDataSource       : HikariPool-1 - Shutdown initiated...
2023-04-27 23:06:17.645  INFO 26868 --- [SpringApplicationShutdownHook] com.zaxxer.hikari.HikariDataSource       : HikariPool-1 - Shutdown completed.
2023-04-27 23:06:31.831  INFO 23632 --- [main] com.example.demo.DemoApplicationTests    : Starting DemoApplicationTests using Java 1.8.0_192 on iri95 with PID 23632 (started by iri_9 in C:\study\Spring\study\demo)
2023-04-27 23:06:31.832  INFO 23632 --- [main] com.example.demo.DemoApplicationTests    : No active profile set, falling back to 1 default profile: "default"
2023-04-27 23:06:33.153  INFO 23632 --- [main] o.s.b.a.w.s.WelcomePageHandlerMapping    : Adding welcome page: class path resource [static/index.html]
2023-04-27 23:06:33.461  INFO 23632 --- [main] com.example.demo.DemoApplicationTests    : Started DemoApplicationTests in 1.838 seconds (JVM running for 2.555)
2023-04-27 23:06:33.648  INFO 23632 --- [main] com.zaxxer.hikari.HikariDataSource       : HikariPool-1 - Starting...
2023-04-27 23:06:34.055  INFO 23632 --- [main] com.zaxxer.hikari.HikariDataSource       : HikariPool-1 - Start completed.
2023-04-27 23:06:34.060 DEBUG 23632 --- [main] com.example.demo.dao.BoardDao.write      : ==>  Preparing: insert into board (user_id, title, content, write_date) values (?, ?, ?, now())
2023-04-27 23:06:34.075 DEBUG 23632 --- [main] com.example.demo.dao.BoardDao.write      : ==> Parameters: 111(String), 안녕(String), 하이(String)
2023-04-27 23:06:34.088 DEBUG 23632 --- [main] com.example.demo.dao.BoardDao.write      : <==    Updates: 1
2023-04-27 23:06:34.093 DEBUG 23632 --- [main] com.example.demo.dao.BoardDao.list       : ==>  Preparing: select * from board
2023-04-27 23:06:34.093 DEBUG 23632 --- [main] com.example.demo.dao.BoardDao.list       : ==> Parameters: 
2023-04-27 23:06:34.108 DEBUG 23632 --- [main] com.example.demo.dao.BoardDao.list       : <==      Total: 2
2023-04-27 23:06:34.115 DEBUG 23632 --- [main] com.example.demo.dao.BoardDao.detail     : ==>  Preparing: select * from board where bno = ?
2023-04-27 23:06:34.116 DEBUG 23632 --- [main] com.example.demo.dao.BoardDao.detail     : ==> Parameters: 2(Integer)
2023-04-27 23:06:34.117 DEBUG 23632 --- [main] com.example.demo.dao.BoardDao.detail     : <==      Total: 1
2023-04-27 23:06:34.129  INFO 23632 --- [SpringApplicationShutdownHook] com.zaxxer.hikari.HikariDataSource       : HikariPool-1 - Shutdown initiated...
2023-04-27 23:06:34.132  INFO 23632 --- [SpringApplicationShutdownHook] com.zaxxer.hikari.HikariDataSource       : HikariPool-1 - Shutdown completed.
2023-04-27 23:09:43.595  INFO 16716 --- [main] com.example.demo.DemoApplicationTests    : Starting DemoApplicationTests using Java 1.8.0_192 on iri95 with PID 16716 (started by iri_9 in C:\study\Spring\study\demo)
2023-04-27 23:09:43.596  INFO 16716 --- [main] com.example.demo.DemoApplicationTests    : No active profile set, falling back to 1 default profile: "default"
2023-04-27 23:09:44.869  INFO 16716 --- [main] o.s.b.a.w.s.WelcomePageHandlerMapping    : Adding welcome page: class path resource [static/index.html]
2023-04-27 23:09:45.170  INFO 16716 --- [main] com.example.demo.DemoApplicationTests    : Started DemoApplicationTests in 1.787 seconds (JVM running for 2.507)
2023-04-27 23:09:45.357  INFO 16716 --- [main] com.zaxxer.hikari.HikariDataSource       : HikariPool-1 - Starting...
2023-04-27 23:09:45.774  INFO 16716 --- [main] com.zaxxer.hikari.HikariDataSource       : HikariPool-1 - Start completed.
2023-04-27 23:09:45.779 DEBUG 16716 --- [main] com.example.demo.dao.BoardDao.write      : ==>  Preparing: insert into board (user_id, title, content, write_date) values (?, ?, ?, now())
2023-04-27 23:09:45.796 DEBUG 16716 --- [main] com.example.demo.dao.BoardDao.write      : ==> Parameters: 111(String), 안녕(String), 하이(String)
2023-04-27 23:09:45.810 DEBUG 16716 --- [main] com.example.demo.dao.BoardDao.write      : <==    Updates: 1
2023-04-27 23:09:45.815 DEBUG 16716 --- [main] com.example.demo.dao.BoardDao.list       : ==>  Preparing: select * from board
2023-04-27 23:09:45.816 DEBUG 16716 --- [main] com.example.demo.dao.BoardDao.list       : ==> Parameters: 
2023-04-27 23:09:45.830 DEBUG 16716 --- [main] com.example.demo.dao.BoardDao.list       : <==      Total: 3
2023-04-27 23:09:45.836 DEBUG 16716 --- [main] com.example.demo.dao.BoardDao.detail     : ==>  Preparing: select * from board where bno = ?
2023-04-27 23:09:45.836 DEBUG 16716 --- [main] com.example.demo.dao.BoardDao.detail     : ==> Parameters: 2(Integer)
2023-04-27 23:09:45.838 DEBUG 16716 --- [main] com.example.demo.dao.BoardDao.detail     : <==      Total: 1
2023-04-27 23:09:45.842 DEBUG 16716 --- [main] com.example.demo.dao.BoardDao.update     : ==>  Preparing: update board set title = ?, content = ? where bno = ?
2023-04-27 23:09:45.842 DEBUG 16716 --- [main] com.example.demo.dao.BoardDao.update     : ==> Parameters: 안녕(String), 하이(String), 2(Integer)
2023-04-27 23:09:45.843 DEBUG 16716 --- [main] com.example.demo.dao.BoardDao.update     : <==    Updates: 1
2023-04-27 23:09:45.852  INFO 16716 --- [SpringApplicationShutdownHook] com.zaxxer.hikari.HikariDataSource       : HikariPool-1 - Shutdown initiated...
2023-04-27 23:09:45.854  INFO 16716 --- [SpringApplicationShutdownHook] com.zaxxer.hikari.HikariDataSource       : HikariPool-1 - Shutdown completed.
